<?xml version="1.0" encoding="UTF-8"?>
<testng-results skipped="0" failed="0" ignored="0" total="1" passed="1">
  <reporter-output>
  </reporter-output>
  <suite name="Surefire suite" duration-ms="167" started-at="2018-07-10T07:01:56Z" finished-at="2018-07-10T07:01:56Z">
    <groups>
    </groups>
    <test name="Surefire test" duration-ms="167" started-at="2018-07-10T07:01:56Z" finished-at="2018-07-10T07:01:56Z">
      <class name="newtest.AppTest">
        <test-method status="PASS" signature="shouldAnswerWithTrue()" name="shouldAnswerWithTrue" duration-ms="14" started-at="2018-07-10T12:31:56Z" finished-at="2018-07-10T12:31:56Z">
          <reporter-output>
          </reporter-output>
        </test-method> <!-- shouldAnswerWithTrue -->
      </class> <!-- newtest.AppTest -->
    </test> <!-- Surefire test -->
  </suite> <!-- Surefire suite -->
</testng-results>
