<?xml version="1.0" encoding="UTF-8"?>
<testng-results skipped="0" failed="0" ignored="0" total="1" passed="1">
  <reporter-output>
  </reporter-output>
  <suite name="Default suite" duration-ms="53" started-at="2018-07-10T10:35:17Z" finished-at="2018-07-10T10:35:18Z">
    <groups>
    </groups>
    <test name="Default test" duration-ms="53" started-at="2018-07-10T10:35:17Z" finished-at="2018-07-10T10:35:18Z">
      <class name="newtest.NewTest">
        <test-method status="PASS" signature="beforeMethod()[pri:0, instance:newtest.NewTest@18be83e4]" name="beforeMethod" is-config="true" duration-ms="12" started-at="2018-07-10T16:05:17Z" finished-at="2018-07-10T16:05:18Z">
          <reporter-output>
          </reporter-output>
        </test-method> <!-- beforeMethod -->
        <test-method status="PASS" signature="f()[pri:0, instance:newtest.NewTest@18be83e4]" name="f" duration-ms="7" started-at="2018-07-10T16:05:18Z" finished-at="2018-07-10T16:05:18Z">
          <reporter-output>
          </reporter-output>
        </test-method> <!-- f -->
        <test-method status="PASS" signature="afterMethod()[pri:0, instance:newtest.NewTest@18be83e4]" name="afterMethod" is-config="true" duration-ms="1" started-at="2018-07-10T16:05:18Z" finished-at="2018-07-10T16:05:18Z">
          <reporter-output>
          </reporter-output>
        </test-method> <!-- afterMethod -->
      </class> <!-- newtest.NewTest -->
    </test> <!-- Default test -->
  </suite> <!-- Default suite -->
</testng-results>
